<?xml version="1.0" encoding="UTF-8"?>
<robot generator="Robot 7.0 (Python 3.10.2 on win32)" generated="2024-03-29T10:04:08.277511" rpa="false" schemaversion="5">
<suite id="s1" name="Test Suite" source="c:\Users\Admin\OneDrive\Desktop\todos\test_suite.robot">
<kw name="Open Todos Page" owner="browser" type="SETUP">
<kw name="Open Browser" owner="SeleniumLibrary">
<msg time="2024-03-29T10:04:08.979118" level="INFO">Opening browser 'chrome' to base url 'https://todomvc.com/examples/react/dist/#/'.</msg>
<arg>${url}</arg>
<arg>browser=chrome</arg>
<doc>Opens a new browser instance to the optional ``url``.</doc>
<status status="PASS" start="2024-03-29T10:04:08.978118" elapsed="5.655835"/>
</kw>
<kw name="Maximize Browser Window" owner="SeleniumLibrary">
<doc>Maximizes current browser window.</doc>
<status status="PASS" start="2024-03-29T10:04:14.634953" elapsed="0.329815"/>
</kw>
<status status="PASS" start="2024-03-29T10:04:08.976121" elapsed="5.989647"/>
</kw>
<test id="s1-t1" name="Scenario 1: User adds, edits and removes a to-do" line="18">
<kw name="Add New To-do" owner="basicUI">
<kw name="Input Text" owner="SeleniumLibrary">
<msg time="2024-03-29T10:04:14.972763" level="INFO">Typing text 'test-todo-1' into text field 'xpath://input[@class='new-todo']'.</msg>
<arg>${text_input}</arg>
<arg>${value}</arg>
<doc>Types the given ``text`` into the text field identified by ``locator``.</doc>
<status status="PASS" start="2024-03-29T10:04:14.970766" elapsed="0.231869"/>
</kw>
<kw name="Press Keys" owner="SeleniumLibrary">
<msg time="2024-03-29T10:04:15.204634" level="INFO">Sending key(s) ('ENTER',) to page.</msg>
<msg time="2024-03-29T10:04:15.205632" level="INFO">Pressing special key ENTER to browser.</msg>
<msg time="2024-03-29T10:04:15.205632" level="INFO">Releasing special key ENTER.</msg>
<arg>${None}</arg>
<arg>ENTER</arg>
<doc>Simulates the user pressing key(s) to an element or on the active browser.</doc>
<status status="PASS" start="2024-03-29T10:04:15.203633" elapsed="0.314825"/>
</kw>
<arg>test-todo-1</arg>
<status status="PASS" start="2024-03-29T10:04:14.968766" elapsed="0.550693"/>
</kw>
<kw name="Verify To-do State">
<if>
<branch type="IF" condition="&quot;${state}&quot; == &quot;Active&quot; or &quot;${state}&quot; == &quot;Complete&quot;">
<kw name="Click Element" owner="SeleniumLibrary">
<msg time="2024-03-29T10:04:15.526457" level="INFO">Clicking element 'xpath://a[normalize-space()='Active']'.</msg>
<arg>${element}</arg>
<doc>Click the element identified by ``locator``.</doc>
<status status="PASS" start="2024-03-29T10:04:15.525454" elapsed="0.229875"/>
</kw>
<kw name="Run Keyword And Return Status" owner="BuiltIn">
<kw name="Wait Until Page Contains Element" owner="SeleniumLibrary">
<arg>xpath://label[@data-testid='todo-item-label' and contains(normalize-space(), '${value}')]</arg>
<doc>Waits until the element ``locator`` appears on the current page.</doc>
<status status="PASS" start="2024-03-29T10:04:15.757325" elapsed="0.078955"/>
</kw>
<msg time="2024-03-29T10:04:15.836280" level="INFO">${status} = True</msg>
<var>${status}</var>
<arg>Wait Until Page Contains Element</arg>
<arg>xpath://label[@data-testid='todo-item-label' and contains(normalize-space(), '${value}')]</arg>
<doc>Runs the given keyword with given arguments and returns the status as a Boolean value.</doc>
<status status="PASS" start="2024-03-29T10:04:15.756325" elapsed="0.080954"/>
</kw>
<if>
<branch type="IF" condition="&quot;${status}&quot; == &quot;False&quot;">
<kw name="Fail" owner="BuiltIn">
<arg>The to-do is not saved/updated/completed!</arg>
<doc>Fails the test with the given message and optionally alters its tags.</doc>
<status status="NOT RUN" start="2024-03-29T10:04:15.838279" elapsed="0.001001"/>
</kw>
<status status="NOT RUN" start="2024-03-29T10:04:15.837279" elapsed="0.002999"/>
</branch>
<status status="PASS" start="2024-03-29T10:04:15.837279" elapsed="0.002999"/>
</if>
<status status="PASS" start="2024-03-29T10:04:15.524455" elapsed="0.316823"/>
</branch>
<branch type="ELSE">
<kw name="Run Keyword And Warn On Failure" owner="BuiltIn">
<arg>Page Should Not Contain Element</arg>
<arg>${saved_todo}</arg>
<doc>Runs the specified keyword logs a warning if the keyword fails.</doc>
<status status="NOT RUN" start="2024-03-29T10:04:15.842283" elapsed="0.000993"/>
</kw>
<status status="NOT RUN" start="2024-03-29T10:04:15.841278" elapsed="0.001998"/>
</branch>
<status status="PASS" start="2024-03-29T10:04:15.524455" elapsed="0.318821"/>
</if>
<arg>Active</arg>
<arg>${active_page}</arg>
<arg>test-todo-1</arg>
<status status="PASS" start="2024-03-29T10:04:15.522456" elapsed="0.320820"/>
</kw>
<kw name="Edit To-do" owner="basicUI">
<kw name="Double Click Element" owner="SeleniumLibrary">
<msg time="2024-03-29T10:04:15.847274" level="INFO">Double clicking element 'xpath://label[@data-testid='todo-item-label']'.</msg>
<arg>${saved_todo}</arg>
<doc>Double clicks the element identified by ``locator``.</doc>
<status status="PASS" start="2024-03-29T10:04:15.846278" elapsed="0.356797"/>
</kw>
<kw name="Press Keys" owner="SeleniumLibrary">
<msg time="2024-03-29T10:04:16.205075" level="INFO">Sending key(s) ('CTRL+A+BACKSPACE',) to page.</msg>
<msg time="2024-03-29T10:04:16.206075" level="INFO">Pressing special key CONTROL down.</msg>
<msg time="2024-03-29T10:04:16.206075" level="INFO">Sending key A</msg>
<msg time="2024-03-29T10:04:16.207075" level="INFO">Pressing special key BACKSPACE down.</msg>
<msg time="2024-03-29T10:04:16.207075" level="INFO">Releasing special key CONTROL.</msg>
<msg time="2024-03-29T10:04:16.208073" level="INFO">Releasing special key BACKSPACE.</msg>
<arg>${None}</arg>
<arg>CTRL+A+BACKSPACE</arg>
<doc>Simulates the user pressing key(s) to an element or on the active browser.</doc>
<status status="PASS" start="2024-03-29T10:04:16.204076" elapsed="0.137921"/>
</kw>
<kw name="Press Keys" owner="SeleniumLibrary">
<msg time="2024-03-29T10:04:16.342997" level="INFO">Sending key(s) ('new-test-todo-1',) to page.</msg>
<msg time="2024-03-29T10:04:16.343996" level="INFO">Sending keys new-test-todo-1</msg>
<arg>${None}</arg>
<arg>${new_value}</arg>
<doc>Simulates the user pressing key(s) to an element or on the active browser.</doc>
<status status="PASS" start="2024-03-29T10:04:16.341997" elapsed="0.095947"/>
</kw>
<kw name="Press Keys" owner="SeleniumLibrary">
<msg time="2024-03-29T10:04:16.439947" level="INFO">Sending key(s) ('ENTER',) to page.</msg>
<msg time="2024-03-29T10:04:16.440943" level="INFO">Pressing special key ENTER to browser.</msg>
<msg time="2024-03-29T10:04:16.441942" level="INFO">Releasing special key ENTER.</msg>
<arg>${None}</arg>
<arg>ENTER</arg>
<doc>Simulates the user pressing key(s) to an element or on the active browser.</doc>
<status status="PASS" start="2024-03-29T10:04:16.438943" elapsed="0.022987"/>
</kw>
<arg>test-todo-1</arg>
<arg>new-test-todo-1</arg>
<status status="PASS" start="2024-03-29T10:04:15.845277" elapsed="0.616653"/>
</kw>
<kw name="Verify To-do State">
<if>
<branch type="IF" condition="&quot;${state}&quot; == &quot;Active&quot; or &quot;${state}&quot; == &quot;Complete&quot;">
<kw name="Click Element" owner="SeleniumLibrary">
<msg time="2024-03-29T10:04:16.468927" level="INFO">Clicking element 'xpath://a[normalize-space()='Active']'.</msg>
<arg>${element}</arg>
<doc>Click the element identified by ``locator``.</doc>
<status status="PASS" start="2024-03-29T10:04:16.466935" elapsed="0.135917"/>
</kw>
<kw name="Run Keyword And Return Status" owner="BuiltIn">
<kw name="Wait Until Page Contains Element" owner="SeleniumLibrary">
<arg>xpath://label[@data-testid='todo-item-label' and contains(normalize-space(), '${value}')]</arg>
<doc>Waits until the element ``locator`` appears on the current page.</doc>
<status status="PASS" start="2024-03-29T10:04:16.604851" elapsed="0.031981"/>
</kw>
<msg time="2024-03-29T10:04:16.637832" level="INFO">${status} = True</msg>
<var>${status}</var>
<arg>Wait Until Page Contains Element</arg>
<arg>xpath://label[@data-testid='todo-item-label' and contains(normalize-space(), '${value}')]</arg>
<doc>Runs the given keyword with given arguments and returns the status as a Boolean value.</doc>
<status status="PASS" start="2024-03-29T10:04:16.603852" elapsed="0.033980"/>
</kw>
<if>
<branch type="IF" condition="&quot;${status}&quot; == &quot;False&quot;">
<kw name="Fail" owner="BuiltIn">
<arg>The to-do is not saved/updated/completed!</arg>
<doc>Fails the test with the given message and optionally alters its tags.</doc>
<status status="NOT RUN" start="2024-03-29T10:04:16.639831" elapsed="0.000000"/>
</kw>
<status status="NOT RUN" start="2024-03-29T10:04:16.638831" elapsed="0.001999"/>
</branch>
<status status="PASS" start="2024-03-29T10:04:16.638831" elapsed="0.001999"/>
</if>
<status status="PASS" start="2024-03-29T10:04:16.464930" elapsed="0.175900"/>
</branch>
<branch type="ELSE">
<kw name="Run Keyword And Warn On Failure" owner="BuiltIn">
<arg>Page Should Not Contain Element</arg>
<arg>${saved_todo}</arg>
<doc>Runs the specified keyword logs a warning if the keyword fails.</doc>
<status status="NOT RUN" start="2024-03-29T10:04:16.641833" elapsed="0.000000"/>
</kw>
<status status="NOT RUN" start="2024-03-29T10:04:16.640830" elapsed="0.001003"/>
</branch>
<status status="PASS" start="2024-03-29T10:04:16.464930" elapsed="0.176903"/>
</if>
<arg>Active</arg>
<arg>${active_page}</arg>
<arg>new-test-todo-1</arg>
<status status="PASS" start="2024-03-29T10:04:16.462930" elapsed="0.179898"/>
</kw>
<kw name="Wait Until Keyword Succeeds" owner="BuiltIn">
<kw name="Delete To-do" owner="basicUI">
<kw name="Mouse Over" owner="SeleniumLibrary">
<msg time="2024-03-29T10:04:16.650825" level="INFO">Simulating Mouse Over on element 'xpath://label[@data-testid='todo-item-label']'.</msg>
<arg>${saved_todo}</arg>
<doc>Simulates hovering the mouse over the element ``locator``.</doc>
<status status="PASS" start="2024-03-29T10:04:16.649825" elapsed="0.325819"/>
</kw>
<kw name="Click Element" owner="SeleniumLibrary">
<msg time="2024-03-29T10:04:16.976645" level="INFO">Clicking element 'xpath://button[@class='destroy']'.</msg>
<arg>${delete_btn}</arg>
<doc>Click the element identified by ``locator``.</doc>
<status status="PASS" start="2024-03-29T10:04:16.975644" elapsed="0.259854"/>
</kw>
<status status="PASS" start="2024-03-29T10:04:16.648827" elapsed="0.587670"/>
</kw>
<arg>3x</arg>
<arg>500ms</arg>
<arg>Delete To-do</arg>
<doc>Runs the specified keyword and retries if it fails.</doc>
<status status="PASS" start="2024-03-29T10:04:16.646827" elapsed="0.590669"/>
</kw>
<kw name="Verify To-do State">
<if>
<branch type="IF" condition="&quot;${state}&quot; == &quot;Active&quot; or &quot;${state}&quot; == &quot;Complete&quot;">
<kw name="Click Element" owner="SeleniumLibrary">
<arg>${element}</arg>
<doc>Click the element identified by ``locator``.</doc>
<status status="NOT RUN" start="2024-03-29T10:04:17.249490" elapsed="0.000999"/>
</kw>
<kw name="Run Keyword And Return Status" owner="BuiltIn">
<var>${status}</var>
<arg>Wait Until Page Contains Element</arg>
<arg>xpath://label[@data-testid='todo-item-label' and contains(normalize-space(), '${value}')]</arg>
<doc>Runs the given keyword with given arguments and returns the status as a Boolean value.</doc>
<status status="NOT RUN" start="2024-03-29T10:04:17.250489" elapsed="0.001002"/>
</kw>
<if>
<branch type="IF" condition="&quot;${status}&quot; == &quot;False&quot;">
<kw name="Fail" owner="BuiltIn">
<arg>The to-do is not saved/updated/completed!</arg>
<doc>Fails the test with the given message and optionally alters its tags.</doc>
<status status="NOT RUN" start="2024-03-29T10:04:17.252489" elapsed="0.001000"/>
</kw>
<status status="NOT RUN" start="2024-03-29T10:04:17.251491" elapsed="0.001998"/>
</branch>
<status status="NOT RUN" start="2024-03-29T10:04:17.251491" elapsed="0.002996"/>
</if>
<status status="NOT RUN" start="2024-03-29T10:04:17.249490" elapsed="0.004997"/>
</branch>
<branch type="ELSE">
<kw name="Run Keyword And Warn On Failure" owner="BuiltIn">
<kw name="Page Should Not Contain Element" owner="SeleniumLibrary">
<msg time="2024-03-29T10:04:17.303460" level="INFO">Current page does not contain element 'xpath://label[@data-testid='todo-item-label']'.</msg>
<arg>${saved_todo}</arg>
<doc>Verifies that element ``locator`` is not found on the current page.</doc>
<status status="PASS" start="2024-03-29T10:04:17.256488" elapsed="0.046972"/>
</kw>
<arg>Page Should Not Contain Element</arg>
<arg>${saved_todo}</arg>
<doc>Runs the specified keyword logs a warning if the keyword fails.</doc>
<status status="PASS" start="2024-03-29T10:04:17.255487" elapsed="0.048973"/>
</kw>
<status status="PASS" start="2024-03-29T10:04:17.255487" elapsed="0.049971"/>
</branch>
<status status="PASS" start="2024-03-29T10:04:17.249490" elapsed="0.055968"/>
</if>
<arg>Delete</arg>
<status status="PASS" start="2024-03-29T10:04:17.248490" elapsed="0.057967"/>
</kw>
<kw name="Clear Cache" type="TEARDOWN">
<kw name="Run Keyword And Return Status" owner="BuiltIn">
<kw name="Wait Until Page Contains Element" owner="SeleniumLibrary">
<msg time="2024-03-29T10:04:22.836363" level="INFO" html="true">&lt;/td&gt;&lt;/tr&gt;&lt;tr&gt;&lt;td colspan="3"&gt;&lt;a href="selenium-screenshot-1.png"&gt;&lt;img src="selenium-screenshot-1.png" width="800px"&gt;&lt;/a&gt;</msg>
<msg time="2024-03-29T10:04:22.837364" level="FAIL">Element 'xpath://span[@class="todo-count"]' did not appear in 5 seconds.</msg>
<arg>${todo_count}</arg>
<doc>Waits until the element ``locator`` appears on the current page.</doc>
<status status="FAIL" start="2024-03-29T10:04:17.314456" elapsed="5.634844">Element 'xpath://span[@class="todo-count"]' did not appear in 5 seconds.</status>
</kw>
<msg time="2024-03-29T10:04:22.949300" level="INFO">${status} = False</msg>
<var>${status}</var>
<arg>Wait Until Page Contains Element</arg>
<arg>${todo_count}</arg>
<doc>Runs the given keyword with given arguments and returns the status as a Boolean value.</doc>
<status status="PASS" start="2024-03-29T10:04:17.313456" elapsed="5.636844"/>
</kw>
<if>
<branch type="IF" condition="&quot;${status}&quot; == &quot;True&quot;">
<kw name="Click Element" owner="SeleniumLibrary">
<arg>${all_page}</arg>
<doc>Click the element identified by ``locator``.</doc>
<status status="NOT RUN" start="2024-03-29T10:04:22.952299" elapsed="0.000000"/>
</kw>
<kw name="Wait Until Keyword Succeeds" owner="BuiltIn">
<arg>3x</arg>
<arg>500ms</arg>
<arg>Delete To-do</arg>
<doc>Runs the specified keyword and retries if it fails.</doc>
<status status="NOT RUN" start="2024-03-29T10:04:22.953298" elapsed="0.000000"/>
</kw>
<status status="NOT RUN" start="2024-03-29T10:04:22.950300" elapsed="0.003997"/>
</branch>
<status status="PASS" start="2024-03-29T10:04:22.950300" elapsed="0.003997"/>
</if>
<status status="PASS" start="2024-03-29T10:04:17.312455" elapsed="5.641842"/>
</kw>
<status status="PASS" start="2024-03-29T10:04:14.965768" elapsed="8.003521"/>
</test>
<test id="s1-t2" name="Scenario 2: User adds and sets a to-do to complete" line="27">
<kw name="Add New To-do" owner="basicUI">
<kw name="Input Text" owner="SeleniumLibrary">
<msg time="2024-03-29T10:04:22.990277" level="INFO">Typing text 'test-todo-1' into text field 'xpath://input[@class='new-todo']'.</msg>
<arg>${text_input}</arg>
<arg>${value}</arg>
<doc>Types the given ``text`` into the text field identified by ``locator``.</doc>
<status status="PASS" start="2024-03-29T10:04:22.985283" elapsed="0.326814"/>
</kw>
<kw name="Press Keys" owner="SeleniumLibrary">
<msg time="2024-03-29T10:04:23.314095" level="INFO">Sending key(s) ('ENTER',) to page.</msg>
<msg time="2024-03-29T10:04:23.314095" level="INFO">Pressing special key ENTER to browser.</msg>
<msg time="2024-03-29T10:04:23.314095" level="INFO">Releasing special key ENTER.</msg>
<arg>${None}</arg>
<arg>ENTER</arg>
<doc>Simulates the user pressing key(s) to an element or on the active browser.</doc>
<status status="PASS" start="2024-03-29T10:04:23.313097" elapsed="0.036979"/>
</kw>
<arg>test-todo-1</arg>
<status status="PASS" start="2024-03-29T10:04:22.982283" elapsed="0.368793"/>
</kw>
<kw name="Verify To-do State">
<if>
<branch type="IF" condition="&quot;${state}&quot; == &quot;Active&quot; or &quot;${state}&quot; == &quot;Complete&quot;">
<kw name="Click Element" owner="SeleniumLibrary">
<msg time="2024-03-29T10:04:23.357074" level="INFO">Clicking element 'xpath://a[normalize-space()='Active']'.</msg>
<arg>${element}</arg>
<doc>Click the element identified by ``locator``.</doc>
<status status="PASS" start="2024-03-29T10:04:23.356073" elapsed="0.133926"/>
</kw>
<kw name="Run Keyword And Return Status" owner="BuiltIn">
<kw name="Wait Until Page Contains Element" owner="SeleniumLibrary">
<arg>xpath://label[@data-testid='todo-item-label' and contains(normalize-space(), '${value}')]</arg>
<doc>Waits until the element ``locator`` appears on the current page.</doc>
<status status="PASS" start="2024-03-29T10:04:23.495997" elapsed="0.021985"/>
</kw>
<msg time="2024-03-29T10:04:23.518982" level="INFO">${status} = True</msg>
<var>${status}</var>
<arg>Wait Until Page Contains Element</arg>
<arg>xpath://label[@data-testid='todo-item-label' and contains(normalize-space(), '${value}')]</arg>
<doc>Runs the given keyword with given arguments and returns the status as a Boolean value.</doc>
<status status="PASS" start="2024-03-29T10:04:23.491997" elapsed="0.026985"/>
</kw>
<if>
<branch type="IF" condition="&quot;${status}&quot; == &quot;False&quot;">
<kw name="Fail" owner="BuiltIn">
<arg>The to-do is not saved/updated/completed!</arg>
<doc>Fails the test with the given message and optionally alters its tags.</doc>
<status status="NOT RUN" start="2024-03-29T10:04:23.520984" elapsed="0.000996"/>
</kw>
<status status="NOT RUN" start="2024-03-29T10:04:23.518982" elapsed="0.002998"/>
</branch>
<status status="PASS" start="2024-03-29T10:04:23.518982" elapsed="0.004000"/>
</if>
<status status="PASS" start="2024-03-29T10:04:23.355074" elapsed="0.167908"/>
</branch>
<branch type="ELSE">
<kw name="Run Keyword And Warn On Failure" owner="BuiltIn">
<arg>Page Should Not Contain Element</arg>
<arg>${saved_todo}</arg>
<doc>Runs the specified keyword logs a warning if the keyword fails.</doc>
<status status="NOT RUN" start="2024-03-29T10:04:23.523978" elapsed="0.000000"/>
</kw>
<status status="NOT RUN" start="2024-03-29T10:04:23.522982" elapsed="0.001996"/>
</branch>
<status status="PASS" start="2024-03-29T10:04:23.355074" elapsed="0.169904"/>
</if>
<arg>Active</arg>
<arg>${active_page}</arg>
<arg>test-todo-1</arg>
<status status="PASS" start="2024-03-29T10:04:23.353075" elapsed="0.171903"/>
</kw>
<kw name="Select To-do" owner="basicUI">
<kw name="Click Element" owner="SeleniumLibrary">
<msg time="2024-03-29T10:04:23.569954" level="INFO">Clicking element 'xpath://input[@class='toggle']'.</msg>
<arg>${select_toggle}</arg>
<doc>Click the element identified by ``locator``.</doc>
<status status="PASS" start="2024-03-29T10:04:23.568954" elapsed="0.189895"/>
</kw>
<status status="PASS" start="2024-03-29T10:04:23.567958" elapsed="0.192890"/>
</kw>
<kw name="Verify To-do State">
<if>
<branch type="IF" condition="&quot;${state}&quot; == &quot;Active&quot; or &quot;${state}&quot; == &quot;Complete&quot;">
<kw name="Click Element" owner="SeleniumLibrary">
<msg time="2024-03-29T10:04:23.786832" level="INFO">Clicking element 'xpath://a[normalize-space()='Completed']'.</msg>
<arg>${element}</arg>
<doc>Click the element identified by ``locator``.</doc>
<status status="PASS" start="2024-03-29T10:04:23.785833" elapsed="0.313825"/>
</kw>
<kw name="Run Keyword And Return Status" owner="BuiltIn">
<kw name="Wait Until Page Contains Element" owner="SeleniumLibrary">
<arg>xpath://label[@data-testid='todo-item-label' and contains(normalize-space(), '${value}')]</arg>
<doc>Waits until the element ``locator`` appears on the current page.</doc>
<status status="PASS" start="2024-03-29T10:04:24.101659" elapsed="0.022984"/>
</kw>
<msg time="2024-03-29T10:04:24.125643" level="INFO">${status} = True</msg>
<var>${status}</var>
<arg>Wait Until Page Contains Element</arg>
<arg>xpath://label[@data-testid='todo-item-label' and contains(normalize-space(), '${value}')]</arg>
<doc>Runs the given keyword with given arguments and returns the status as a Boolean value.</doc>
<status status="PASS" start="2024-03-29T10:04:24.100656" elapsed="0.024987"/>
</kw>
<if>
<branch type="IF" condition="&quot;${status}&quot; == &quot;False&quot;">
<kw name="Fail" owner="BuiltIn">
<arg>The to-do is not saved/updated/completed!</arg>
<doc>Fails the test with the given message and optionally alters its tags.</doc>
<status status="NOT RUN" start="2024-03-29T10:04:24.127642" elapsed="0.000000"/>
</kw>
<status status="NOT RUN" start="2024-03-29T10:04:24.126642" elapsed="0.001000"/>
</branch>
<status status="PASS" start="2024-03-29T10:04:24.126642" elapsed="0.001999"/>
</if>
<status status="PASS" start="2024-03-29T10:04:23.784837" elapsed="0.343804"/>
</branch>
<branch type="ELSE">
<kw name="Run Keyword And Warn On Failure" owner="BuiltIn">
<arg>Page Should Not Contain Element</arg>
<arg>${saved_todo}</arg>
<doc>Runs the specified keyword logs a warning if the keyword fails.</doc>
<status status="NOT RUN" start="2024-03-29T10:04:24.129640" elapsed="0.000000"/>
</kw>
<status status="NOT RUN" start="2024-03-29T10:04:24.128641" elapsed="0.000999"/>
</branch>
<status status="PASS" start="2024-03-29T10:04:23.784837" elapsed="0.345803"/>
</if>
<arg>Complete</arg>
<arg>${complete_page}</arg>
<arg>test-todo-1</arg>
<status status="PASS" start="2024-03-29T10:04:23.782834" elapsed="0.347806"/>
</kw>
<kw name="Clear Cache" type="TEARDOWN">
<kw name="Run Keyword And Return Status" owner="BuiltIn">
<kw name="Wait Until Page Contains Element" owner="SeleniumLibrary">
<arg>${todo_count}</arg>
<doc>Waits until the element ``locator`` appears on the current page.</doc>
<status status="PASS" start="2024-03-29T10:04:24.156625" elapsed="2.720478"/>
</kw>
<msg time="2024-03-29T10:04:26.878102" level="INFO">${status} = True</msg>
<var>${status}</var>
<arg>Wait Until Page Contains Element</arg>
<arg>${todo_count}</arg>
<doc>Runs the given keyword with given arguments and returns the status as a Boolean value.</doc>
<status status="PASS" start="2024-03-29T10:04:24.156625" elapsed="2.721477"/>
</kw>
<if>
<branch type="IF" condition="&quot;${status}&quot; == &quot;True&quot;">
<kw name="Click Element" owner="SeleniumLibrary">
<msg time="2024-03-29T10:04:26.881101" level="INFO">Clicking element 'xpath://a[normalize-space()='All']'.</msg>
<arg>${all_page}</arg>
<doc>Click the element identified by ``locator``.</doc>
<status status="PASS" start="2024-03-29T10:04:26.880101" elapsed="1.263293"/>
</kw>
<kw name="Wait Until Keyword Succeeds" owner="BuiltIn">
<kw name="Delete To-do" owner="basicUI">
<kw name="Mouse Over" owner="SeleniumLibrary">
<msg time="2024-03-29T10:04:28.148391" level="INFO">Simulating Mouse Over on element 'xpath://label[@data-testid='todo-item-label']'.</msg>
<arg>${saved_todo}</arg>
<doc>Simulates hovering the mouse over the element ``locator``.</doc>
<status status="PASS" start="2024-03-29T10:04:28.146393" elapsed="5.188096"/>
</kw>
<kw name="Click Element" owner="SeleniumLibrary">
<msg time="2024-03-29T10:04:33.337488" level="INFO">Clicking element 'xpath://button[@class='destroy']'.</msg>
<arg>${delete_btn}</arg>
<doc>Click the element identified by ``locator``.</doc>
<status status="PASS" start="2024-03-29T10:04:33.335488" elapsed="0.085953"/>
</kw>
<status status="PASS" start="2024-03-29T10:04:28.145394" elapsed="5.277046"/>
</kw>
<arg>3x</arg>
<arg>500ms</arg>
<arg>Delete To-do</arg>
<doc>Runs the specified keyword and retries if it fails.</doc>
<status status="PASS" start="2024-03-29T10:04:28.144395" elapsed="5.278045"/>
</kw>
<status status="PASS" start="2024-03-29T10:04:26.879101" elapsed="6.543339"/>
</branch>
<status status="PASS" start="2024-03-29T10:04:26.879101" elapsed="6.544338"/>
</if>
<status status="PASS" start="2024-03-29T10:04:24.155626" elapsed="9.267813"/>
</kw>
<status status="PASS" start="2024-03-29T10:04:22.978285" elapsed="10.453150"/>
</test>
<test id="s1-t3" name="Scenario 3: User sets a completed to-do to active" line="33">
<kw name="Add New To-do" owner="basicUI">
<kw name="Input Text" owner="SeleniumLibrary">
<msg time="2024-03-29T10:04:33.445428" level="INFO">Typing text 'test-todo-1' into text field 'xpath://input[@class='new-todo']'.</msg>
<arg>${text_input}</arg>
<arg>${value}</arg>
<doc>Types the given ``text`` into the text field identified by ``locator``.</doc>
<status status="PASS" start="2024-03-29T10:04:33.444429" elapsed="0.257854"/>
</kw>
<kw name="Press Keys" owner="SeleniumLibrary">
<msg time="2024-03-29T10:04:33.703283" level="INFO">Sending key(s) ('ENTER',) to page.</msg>
<msg time="2024-03-29T10:04:33.704283" level="INFO">Pressing special key ENTER to browser.</msg>
<msg time="2024-03-29T10:04:33.704283" level="INFO">Releasing special key ENTER.</msg>
<arg>${None}</arg>
<arg>ENTER</arg>
<doc>Simulates the user pressing key(s) to an element or on the active browser.</doc>
<status status="PASS" start="2024-03-29T10:04:33.702283" elapsed="0.031983"/>
</kw>
<arg>test-todo-1</arg>
<status status="PASS" start="2024-03-29T10:04:33.442429" elapsed="0.291837"/>
</kw>
<kw name="Select To-do" owner="basicUI">
<kw name="Click Element" owner="SeleniumLibrary">
<msg time="2024-03-29T10:04:33.740264" level="INFO">Clicking element 'xpath://input[@class='toggle']'.</msg>
<arg>${select_toggle}</arg>
<doc>Click the element identified by ``locator``.</doc>
<status status="PASS" start="2024-03-29T10:04:33.739265" elapsed="0.142918"/>
</kw>
<status status="PASS" start="2024-03-29T10:04:33.738264" elapsed="0.145919"/>
</kw>
<kw name="Click Element" owner="SeleniumLibrary">
<msg time="2024-03-29T10:04:33.886181" level="INFO">Clicking element 'xpath://a[normalize-space()='Completed']'.</msg>
<arg>${complete_page}</arg>
<doc>Click the element identified by ``locator``.</doc>
<status status="PASS" start="2024-03-29T10:04:33.885182" elapsed="0.118933"/>
</kw>
<kw name="Select To-do" owner="basicUI">
<kw name="Click Element" owner="SeleniumLibrary">
<msg time="2024-03-29T10:04:34.008112" level="INFO">Clicking element 'xpath://input[@class='toggle']'.</msg>
<arg>${select_toggle}</arg>
<doc>Click the element identified by ``locator``.</doc>
<status status="PASS" start="2024-03-29T10:04:34.007113" elapsed="0.097945"/>
</kw>
<status status="PASS" start="2024-03-29T10:04:34.006113" elapsed="0.099945"/>
</kw>
<kw name="Verify To-do State">
<if>
<branch type="IF" condition="&quot;${state}&quot; == &quot;Active&quot; or &quot;${state}&quot; == &quot;Complete&quot;">
<kw name="Click Element" owner="SeleniumLibrary">
<msg time="2024-03-29T10:04:34.112055" level="INFO">Clicking element 'xpath://a[normalize-space()='Active']'.</msg>
<arg>${element}</arg>
<doc>Click the element identified by ``locator``.</doc>
<status status="PASS" start="2024-03-29T10:04:34.111055" elapsed="0.104944"/>
</kw>
<kw name="Run Keyword And Return Status" owner="BuiltIn">
<kw name="Wait Until Page Contains Element" owner="SeleniumLibrary">
<arg>xpath://label[@data-testid='todo-item-label' and contains(normalize-space(), '${value}')]</arg>
<doc>Waits until the element ``locator`` appears on the current page.</doc>
<status status="PASS" start="2024-03-29T10:04:34.217996" elapsed="0.020987"/>
</kw>
<msg time="2024-03-29T10:04:34.239983" level="INFO">${status} = True</msg>
<var>${status}</var>
<arg>Wait Until Page Contains Element</arg>
<arg>xpath://label[@data-testid='todo-item-label' and contains(normalize-space(), '${value}')]</arg>
<doc>Runs the given keyword with given arguments and returns the status as a Boolean value.</doc>
<status status="PASS" start="2024-03-29T10:04:34.216995" elapsed="0.023988"/>
</kw>
<if>
<branch type="IF" condition="&quot;${status}&quot; == &quot;False&quot;">
<kw name="Fail" owner="BuiltIn">
<arg>The to-do is not saved/updated/completed!</arg>
<doc>Fails the test with the given message and optionally alters its tags.</doc>
<status status="NOT RUN" start="2024-03-29T10:04:34.241981" elapsed="0.001001"/>
</kw>
<status status="NOT RUN" start="2024-03-29T10:04:34.240983" elapsed="0.002998"/>
</branch>
<status status="PASS" start="2024-03-29T10:04:34.240983" elapsed="0.002998"/>
</if>
<status status="PASS" start="2024-03-29T10:04:34.110055" elapsed="0.133926"/>
</branch>
<branch type="ELSE">
<kw name="Run Keyword And Warn On Failure" owner="BuiltIn">
<arg>Page Should Not Contain Element</arg>
<arg>${saved_todo}</arg>
<doc>Runs the specified keyword logs a warning if the keyword fails.</doc>
<status status="NOT RUN" start="2024-03-29T10:04:34.244981" elapsed="0.000000"/>
</kw>
<status status="NOT RUN" start="2024-03-29T10:04:34.243981" elapsed="0.002001"/>
</branch>
<status status="PASS" start="2024-03-29T10:04:34.110055" elapsed="0.135927"/>
</if>
<arg>Active</arg>
<arg>${active_page}</arg>
<arg>test-todo-1</arg>
<status status="PASS" start="2024-03-29T10:04:34.109056" elapsed="0.136926"/>
</kw>
<kw name="Clear Cache" type="TEARDOWN">
<kw name="Run Keyword And Return Status" owner="BuiltIn">
<kw name="Wait Until Page Contains Element" owner="SeleniumLibrary">
<arg>${todo_count}</arg>
<doc>Waits until the element ``locator`` appears on the current page.</doc>
<status status="PASS" start="2024-03-29T10:04:34.257973" elapsed="0.037979"/>
</kw>
<msg time="2024-03-29T10:04:34.296951" level="INFO">${status} = True</msg>
<var>${status}</var>
<arg>Wait Until Page Contains Element</arg>
<arg>${todo_count}</arg>
<doc>Runs the given keyword with given arguments and returns the status as a Boolean value.</doc>
<status status="PASS" start="2024-03-29T10:04:34.256974" elapsed="0.039977"/>
</kw>
<if>
<branch type="IF" condition="&quot;${status}&quot; == &quot;True&quot;">
<kw name="Click Element" owner="SeleniumLibrary">
<msg time="2024-03-29T10:04:34.301949" level="INFO">Clicking element 'xpath://a[normalize-space()='All']'.</msg>
<arg>${all_page}</arg>
<doc>Click the element identified by ``locator``.</doc>
<status status="PASS" start="2024-03-29T10:04:34.300949" elapsed="1.673063"/>
</kw>
<kw name="Wait Until Keyword Succeeds" owner="BuiltIn">
<kw name="Delete To-do" owner="basicUI">
<kw name="Mouse Over" owner="SeleniumLibrary">
<msg time="2024-03-29T10:04:35.979010" level="INFO">Simulating Mouse Over on element 'xpath://label[@data-testid='todo-item-label']'.</msg>
<arg>${saved_todo}</arg>
<doc>Simulates hovering the mouse over the element ``locator``.</doc>
<status status="PASS" start="2024-03-29T10:04:35.978011" elapsed="2.707486"/>
</kw>
<kw name="Click Element" owner="SeleniumLibrary">
<msg time="2024-03-29T10:04:38.686493" level="INFO">Clicking element 'xpath://button[@class='destroy']'.</msg>
<arg>${delete_btn}</arg>
<doc>Click the element identified by ``locator``.</doc>
<status status="PASS" start="2024-03-29T10:04:38.686493" elapsed="0.057970"/>
</kw>
<status status="PASS" start="2024-03-29T10:04:35.977011" elapsed="2.768450"/>
</kw>
<arg>3x</arg>
<arg>500ms</arg>
<arg>Delete To-do</arg>
<doc>Runs the specified keyword and retries if it fails.</doc>
<status status="PASS" start="2024-03-29T10:04:35.975011" elapsed="2.770450"/>
</kw>
<status status="PASS" start="2024-03-29T10:04:34.299955" elapsed="4.445506"/>
</branch>
<status status="PASS" start="2024-03-29T10:04:34.298962" elapsed="4.446499"/>
</if>
<status status="PASS" start="2024-03-29T10:04:34.253976" elapsed="4.491485"/>
</kw>
<status status="PASS" start="2024-03-29T10:04:33.440431" elapsed="5.307029"/>
</test>
<test id="s1-t4" name="Scenario 4: User adds todos and sets all todos to complete" line="40">
<kw name="Add New To-do" owner="basicUI">
<kw name="Input Text" owner="SeleniumLibrary">
<msg time="2024-03-29T10:04:38.758455" level="INFO">Typing text 'test-todo-1' into text field 'xpath://input[@class='new-todo']'.</msg>
<arg>${text_input}</arg>
<arg>${value}</arg>
<doc>Types the given ``text`` into the text field identified by ``locator``.</doc>
<status status="PASS" start="2024-03-29T10:04:38.758455" elapsed="0.182898"/>
</kw>
<kw name="Press Keys" owner="SeleniumLibrary">
<msg time="2024-03-29T10:04:38.943351" level="INFO">Sending key(s) ('ENTER',) to page.</msg>
<msg time="2024-03-29T10:04:38.943351" level="INFO">Pressing special key ENTER to browser.</msg>
<msg time="2024-03-29T10:04:38.944350" level="INFO">Releasing special key ENTER.</msg>
<arg>${None}</arg>
<arg>ENTER</arg>
<doc>Simulates the user pressing key(s) to an element or on the active browser.</doc>
<status status="PASS" start="2024-03-29T10:04:38.942350" elapsed="0.024987"/>
</kw>
<arg>test-todo-1</arg>
<status status="PASS" start="2024-03-29T10:04:38.756456" elapsed="0.211886"/>
</kw>
<kw name="Add New To-do" owner="basicUI">
<kw name="Input Text" owner="SeleniumLibrary">
<msg time="2024-03-29T10:04:38.971336" level="INFO">Typing text 'test-todo-2' into text field 'xpath://input[@class='new-todo']'.</msg>
<arg>${text_input}</arg>
<arg>${value}</arg>
<doc>Types the given ``text`` into the text field identified by ``locator``.</doc>
<status status="PASS" start="2024-03-29T10:04:38.970338" elapsed="0.130927"/>
</kw>
<kw name="Press Keys" owner="SeleniumLibrary">
<msg time="2024-03-29T10:04:39.103262" level="INFO">Sending key(s) ('ENTER',) to page.</msg>
<msg time="2024-03-29T10:04:39.104262" level="INFO">Pressing special key ENTER to browser.</msg>
<msg time="2024-03-29T10:04:39.104262" level="INFO">Releasing special key ENTER.</msg>
<arg>${None}</arg>
<arg>ENTER</arg>
<doc>Simulates the user pressing key(s) to an element or on the active browser.</doc>
<status status="PASS" start="2024-03-29T10:04:39.102263" elapsed="0.026985"/>
</kw>
<arg>test-todo-2</arg>
<status status="PASS" start="2024-03-29T10:04:38.969340" elapsed="0.159908"/>
</kw>
<kw name="Add New To-do" owner="basicUI">
<kw name="Input Text" owner="SeleniumLibrary">
<msg time="2024-03-29T10:04:39.133245" level="INFO">Typing text 'test-todo-3' into text field 'xpath://input[@class='new-todo']'.</msg>
<arg>${text_input}</arg>
<arg>${value}</arg>
<doc>Types the given ``text`` into the text field identified by ``locator``.</doc>
<status status="PASS" start="2024-03-29T10:04:39.132245" elapsed="0.130927"/>
</kw>
<kw name="Press Keys" owner="SeleniumLibrary">
<msg time="2024-03-29T10:04:39.265172" level="INFO">Sending key(s) ('ENTER',) to page.</msg>
<msg time="2024-03-29T10:04:39.265172" level="INFO">Pressing special key ENTER to browser.</msg>
<msg time="2024-03-29T10:04:39.265172" level="INFO">Releasing special key ENTER.</msg>
<arg>${None}</arg>
<arg>ENTER</arg>
<doc>Simulates the user pressing key(s) to an element or on the active browser.</doc>
<status status="PASS" start="2024-03-29T10:04:39.264173" elapsed="0.023985"/>
</kw>
<arg>test-todo-3</arg>
<status status="PASS" start="2024-03-29T10:04:39.130246" elapsed="0.157912"/>
</kw>
<kw name="Select All Todos" owner="basicUI">
<kw name="Click Element" owner="SeleniumLibrary">
<msg time="2024-03-29T10:04:39.292156" level="INFO">Clicking element 'xpath://input[@class='toggle-all']'.</msg>
<arg>${select_all_toggle}</arg>
<doc>Click the element identified by ``locator``.</doc>
<status status="PASS" start="2024-03-29T10:04:39.291156" elapsed="0.104941"/>
</kw>
<status status="PASS" start="2024-03-29T10:04:39.290158" elapsed="0.105939"/>
</kw>
<kw name="Verify To-do State">
<if>
<branch type="IF" condition="&quot;${state}&quot; == &quot;Active&quot; or &quot;${state}&quot; == &quot;Complete&quot;">
<kw name="Click Element" owner="SeleniumLibrary">
<msg time="2024-03-29T10:04:39.401094" level="INFO">Clicking element 'xpath://a[normalize-space()='Completed']'.</msg>
<arg>${element}</arg>
<doc>Click the element identified by ``locator``.</doc>
<status status="PASS" start="2024-03-29T10:04:39.400096" elapsed="0.106940"/>
</kw>
<kw name="Run Keyword And Return Status" owner="BuiltIn">
<kw name="Wait Until Page Contains Element" owner="SeleniumLibrary">
<arg>xpath://label[@data-testid='todo-item-label' and contains(normalize-space(), '${value}')]</arg>
<doc>Waits until the element ``locator`` appears on the current page.</doc>
<status status="PASS" start="2024-03-29T10:04:39.508035" elapsed="0.014992"/>
</kw>
<msg time="2024-03-29T10:04:39.524027" level="INFO">${status} = True</msg>
<var>${status}</var>
<arg>Wait Until Page Contains Element</arg>
<arg>xpath://label[@data-testid='todo-item-label' and contains(normalize-space(), '${value}')]</arg>
<doc>Runs the given keyword with given arguments and returns the status as a Boolean value.</doc>
<status status="PASS" start="2024-03-29T10:04:39.508035" elapsed="0.015992"/>
</kw>
<if>
<branch type="IF" condition="&quot;${status}&quot; == &quot;False&quot;">
<kw name="Fail" owner="BuiltIn">
<arg>The to-do is not saved/updated/completed!</arg>
<doc>Fails the test with the given message and optionally alters its tags.</doc>
<status status="NOT RUN" start="2024-03-29T10:04:39.526026" elapsed="0.000000"/>
</kw>
<status status="NOT RUN" start="2024-03-29T10:04:39.525026" elapsed="0.001000"/>
</branch>
<status status="PASS" start="2024-03-29T10:04:39.525026" elapsed="0.001000"/>
</if>
<status status="PASS" start="2024-03-29T10:04:39.399096" elapsed="0.126930"/>
</branch>
<branch type="ELSE">
<kw name="Run Keyword And Warn On Failure" owner="BuiltIn">
<arg>Page Should Not Contain Element</arg>
<arg>${saved_todo}</arg>
<doc>Runs the specified keyword logs a warning if the keyword fails.</doc>
<status status="NOT RUN" start="2024-03-29T10:04:39.527025" elapsed="0.000000"/>
</kw>
<status status="NOT RUN" start="2024-03-29T10:04:39.526026" elapsed="0.001999"/>
</branch>
<status status="PASS" start="2024-03-29T10:04:39.399096" elapsed="0.128929"/>
</if>
<arg>Complete</arg>
<arg>${complete_page}</arg>
<arg>test-todo-1</arg>
<status status="PASS" start="2024-03-29T10:04:39.398098" elapsed="0.129927"/>
</kw>
<kw name="Verify To-do State">
<if>
<branch type="IF" condition="&quot;${state}&quot; == &quot;Active&quot; or &quot;${state}&quot; == &quot;Complete&quot;">
<kw name="Click Element" owner="SeleniumLibrary">
<msg time="2024-03-29T10:04:39.533021" level="INFO">Clicking element 'xpath://a[normalize-space()='Completed']'.</msg>
<arg>${element}</arg>
<doc>Click the element identified by ``locator``.</doc>
<status status="PASS" start="2024-03-29T10:04:39.533021" elapsed="0.080955"/>
</kw>
<kw name="Run Keyword And Return Status" owner="BuiltIn">
<kw name="Wait Until Page Contains Element" owner="SeleniumLibrary">
<arg>xpath://label[@data-testid='todo-item-label' and contains(normalize-space(), '${value}')]</arg>
<doc>Waits until the element ``locator`` appears on the current page.</doc>
<status status="PASS" start="2024-03-29T10:04:39.614975" elapsed="0.025986"/>
</kw>
<msg time="2024-03-29T10:04:39.640961" level="INFO">${status} = True</msg>
<var>${status}</var>
<arg>Wait Until Page Contains Element</arg>
<arg>xpath://label[@data-testid='todo-item-label' and contains(normalize-space(), '${value}')]</arg>
<doc>Runs the given keyword with given arguments and returns the status as a Boolean value.</doc>
<status status="PASS" start="2024-03-29T10:04:39.614975" elapsed="0.025986"/>
</kw>
<if>
<branch type="IF" condition="&quot;${status}&quot; == &quot;False&quot;">
<kw name="Fail" owner="BuiltIn">
<arg>The to-do is not saved/updated/completed!</arg>
<doc>Fails the test with the given message and optionally alters its tags.</doc>
<status status="NOT RUN" start="2024-03-29T10:04:39.641961" elapsed="0.000000"/>
</kw>
<status status="NOT RUN" start="2024-03-29T10:04:39.641961" elapsed="0.000999"/>
</branch>
<status status="PASS" start="2024-03-29T10:04:39.641961" elapsed="0.000999"/>
</if>
<status status="PASS" start="2024-03-29T10:04:39.531024" elapsed="0.111936"/>
</branch>
<branch type="ELSE">
<kw name="Run Keyword And Warn On Failure" owner="BuiltIn">
<arg>Page Should Not Contain Element</arg>
<arg>${saved_todo}</arg>
<doc>Runs the specified keyword logs a warning if the keyword fails.</doc>
<status status="NOT RUN" start="2024-03-29T10:04:39.644958" elapsed="0.000000"/>
</kw>
<status status="NOT RUN" start="2024-03-29T10:04:39.643961" elapsed="0.001999"/>
</branch>
<status status="PASS" start="2024-03-29T10:04:39.531024" elapsed="0.114936"/>
</if>
<arg>Complete</arg>
<arg>${complete_page}</arg>
<arg>test-todo-2</arg>
<status status="PASS" start="2024-03-29T10:04:39.530025" elapsed="0.115935"/>
</kw>
<kw name="Verify To-do State">
<if>
<branch type="IF" condition="&quot;${state}&quot; == &quot;Active&quot; or &quot;${state}&quot; == &quot;Complete&quot;">
<kw name="Click Element" owner="SeleniumLibrary">
<msg time="2024-03-29T10:04:39.653953" level="INFO">Clicking element 'xpath://a[normalize-space()='Completed']'.</msg>
<arg>${element}</arg>
<doc>Click the element identified by ``locator``.</doc>
<status status="PASS" start="2024-03-29T10:04:39.652954" elapsed="0.286839"/>
</kw>
<kw name="Run Keyword And Return Status" owner="BuiltIn">
<kw name="Wait Until Page Contains Element" owner="SeleniumLibrary">
<arg>xpath://label[@data-testid='todo-item-label' and contains(normalize-space(), '${value}')]</arg>
<doc>Waits until the element ``locator`` appears on the current page.</doc>
<status status="PASS" start="2024-03-29T10:04:39.940795" elapsed="0.020986"/>
</kw>
<msg time="2024-03-29T10:04:39.961781" level="INFO">${status} = True</msg>
<var>${status}</var>
<arg>Wait Until Page Contains Element</arg>
<arg>xpath://label[@data-testid='todo-item-label' and contains(normalize-space(), '${value}')]</arg>
<doc>Runs the given keyword with given arguments and returns the status as a Boolean value.</doc>
<status status="PASS" start="2024-03-29T10:04:39.940795" elapsed="0.021984"/>
</kw>
<if>
<branch type="IF" condition="&quot;${status}&quot; == &quot;False&quot;">
<kw name="Fail" owner="BuiltIn">
<arg>The to-do is not saved/updated/completed!</arg>
<doc>Fails the test with the given message and optionally alters its tags.</doc>
<status status="NOT RUN" start="2024-03-29T10:04:39.964780" elapsed="0.000000"/>
</kw>
<status status="NOT RUN" start="2024-03-29T10:04:39.962779" elapsed="0.002001"/>
</branch>
<status status="PASS" start="2024-03-29T10:04:39.962779" elapsed="0.002001"/>
</if>
<status status="PASS" start="2024-03-29T10:04:39.651956" elapsed="0.312824"/>
</branch>
<branch type="ELSE">
<kw name="Run Keyword And Warn On Failure" owner="BuiltIn">
<arg>Page Should Not Contain Element</arg>
<arg>${saved_todo}</arg>
<doc>Runs the specified keyword logs a warning if the keyword fails.</doc>
<status status="NOT RUN" start="2024-03-29T10:04:39.965779" elapsed="0.000000"/>
</kw>
<status status="NOT RUN" start="2024-03-29T10:04:39.965779" elapsed="0.000000"/>
</branch>
<status status="PASS" start="2024-03-29T10:04:39.651956" elapsed="0.314823"/>
</if>
<arg>Complete</arg>
<arg>${complete_page}</arg>
<arg>test-todo-3</arg>
<status status="PASS" start="2024-03-29T10:04:39.649957" elapsed="0.316822"/>
</kw>
<kw name="Clear All Todos" owner="basicUI">
<kw name="Click Button" owner="SeleniumLibrary">
<msg time="2024-03-29T10:04:39.970776" level="INFO">Clicking button 'xpath://button[@class='clear-completed']'.</msg>
<arg>${clear_btn}</arg>
<doc>Clicks the button identified by ``locator``.</doc>
<status status="PASS" start="2024-03-29T10:04:39.969777" elapsed="0.118934"/>
</kw>
<status status="PASS" start="2024-03-29T10:04:39.967777" elapsed="0.121933"/>
</kw>
<kw name="Verify To-do State">
<if>
<branch type="IF" condition="&quot;${state}&quot; == &quot;Active&quot; or &quot;${state}&quot; == &quot;Complete&quot;">
<kw name="Click Element" owner="SeleniumLibrary">
<arg>${element}</arg>
<doc>Click the element identified by ``locator``.</doc>
<status status="NOT RUN" start="2024-03-29T10:04:40.092708" elapsed="0.000000"/>
</kw>
<kw name="Run Keyword And Return Status" owner="BuiltIn">
<var>${status}</var>
<arg>Wait Until Page Contains Element</arg>
<arg>xpath://label[@data-testid='todo-item-label' and contains(normalize-space(), '${value}')]</arg>
<doc>Runs the given keyword with given arguments and returns the status as a Boolean value.</doc>
<status status="NOT RUN" start="2024-03-29T10:04:40.093706" elapsed="0.000000"/>
</kw>
<if>
<branch type="IF" condition="&quot;${status}&quot; == &quot;False&quot;">
<kw name="Fail" owner="BuiltIn">
<arg>The to-do is not saved/updated/completed!</arg>
<doc>Fails the test with the given message and optionally alters its tags.</doc>
<status status="NOT RUN" start="2024-03-29T10:04:40.094705" elapsed="0.000000"/>
</kw>
<status status="NOT RUN" start="2024-03-29T10:04:40.093706" elapsed="0.000999"/>
</branch>
<status status="NOT RUN" start="2024-03-29T10:04:40.093706" elapsed="0.000999"/>
</if>
<status status="NOT RUN" start="2024-03-29T10:04:40.092708" elapsed="0.001997"/>
</branch>
<branch type="ELSE">
<kw name="Run Keyword And Warn On Failure" owner="BuiltIn">
<kw name="Page Should Not Contain Element" owner="SeleniumLibrary">
<msg time="2024-03-29T10:04:40.119693" level="INFO">Current page does not contain element 'xpath://label[@data-testid='todo-item-label']'.</msg>
<arg>${saved_todo}</arg>
<doc>Verifies that element ``locator`` is not found on the current page.</doc>
<status status="PASS" start="2024-03-29T10:04:40.095704" elapsed="0.024988"/>
</kw>
<arg>Page Should Not Contain Element</arg>
<arg>${saved_todo}</arg>
<doc>Runs the specified keyword logs a warning if the keyword fails.</doc>
<status status="PASS" start="2024-03-29T10:04:40.095704" elapsed="0.025988"/>
</kw>
<status status="PASS" start="2024-03-29T10:04:40.095704" elapsed="0.025988"/>
</branch>
<status status="PASS" start="2024-03-29T10:04:40.092708" elapsed="0.029985"/>
</if>
<arg>Clear</arg>
<status status="PASS" start="2024-03-29T10:04:40.090709" elapsed="0.031984"/>
</kw>
<kw name="Clear Cache" type="TEARDOWN">
<kw name="Run Keyword And Return Status" owner="BuiltIn">
<kw name="Wait Until Page Contains Element" owner="SeleniumLibrary">
<msg time="2024-03-29T10:04:45.586634" level="INFO" html="true">&lt;/td&gt;&lt;/tr&gt;&lt;tr&gt;&lt;td colspan="3"&gt;&lt;a href="selenium-screenshot-2.png"&gt;&lt;img src="selenium-screenshot-2.png" width="800px"&gt;&lt;/a&gt;</msg>
<msg time="2024-03-29T10:04:45.587634" level="FAIL">Element 'xpath://span[@class="todo-count"]' did not appear in 5 seconds.</msg>
<arg>${todo_count}</arg>
<doc>Waits until the element ``locator`` appears on the current page.</doc>
<status status="FAIL" start="2024-03-29T10:04:40.131687" elapsed="5.455947">Element 'xpath://span[@class="todo-count"]' did not appear in 5 seconds.</status>
</kw>
<msg time="2024-03-29T10:04:45.588635" level="INFO">${status} = False</msg>
<var>${status}</var>
<arg>Wait Until Page Contains Element</arg>
<arg>${todo_count}</arg>
<doc>Runs the given keyword with given arguments and returns the status as a Boolean value.</doc>
<status status="PASS" start="2024-03-29T10:04:40.129687" elapsed="5.459947"/>
</kw>
<if>
<branch type="IF" condition="&quot;${status}&quot; == &quot;True&quot;">
<kw name="Click Element" owner="SeleniumLibrary">
<arg>${all_page}</arg>
<doc>Click the element identified by ``locator``.</doc>
<status status="NOT RUN" start="2024-03-29T10:04:45.590633" elapsed="0.000998"/>
</kw>
<kw name="Wait Until Keyword Succeeds" owner="BuiltIn">
<arg>3x</arg>
<arg>500ms</arg>
<arg>Delete To-do</arg>
<doc>Runs the specified keyword and retries if it fails.</doc>
<status status="NOT RUN" start="2024-03-29T10:04:45.592630" elapsed="0.001001"/>
</kw>
<status status="NOT RUN" start="2024-03-29T10:04:45.589634" elapsed="0.003997"/>
</branch>
<status status="PASS" start="2024-03-29T10:04:45.589634" elapsed="0.004996"/>
</if>
<status status="PASS" start="2024-03-29T10:04:40.128692" elapsed="5.465938"/>
</kw>
<status status="PASS" start="2024-03-29T10:04:38.754458" elapsed="6.852164"/>
</test>
<kw name="Close Todos Page" owner="browser" type="TEARDOWN">
<kw name="Close Browser" owner="SeleniumLibrary">
<doc>Closes the current browser.</doc>
<status status="PASS" start="2024-03-29T10:04:45.626611" elapsed="2.622533"/>
</kw>
<status status="PASS" start="2024-03-29T10:04:45.625615" elapsed="2.626527"/>
</kw>
<status status="PASS" start="2024-03-29T10:04:08.302496" elapsed="39.950646"/>
</suite>
<statistics>
<total>
<stat pass="4" fail="0" skip="0">All Tests</stat>
</total>
<tag>
</tag>
<suite>
<stat pass="4" fail="0" skip="0" id="s1" name="Test Suite">Test Suite</stat>
</suite>
</statistics>
<errors>
</errors>
</robot>
